<?xml version="1.0" encoding="UTF-8"?>
<testng-results total="2" passed="2" failed="0" skipped="0">
  <reporter-output>
  </reporter-output>
  <suite started-at="2019-08-24T16:36:34Z" name="Suite" finished-at="2019-08-24T16:36:57Z" duration-ms="23406">
    <groups>
      <group name="cucumber">
        <method signature="AbstractTestNGCucumberTests.feature(cucumber.api.testng.CucumberFeatureWrapper)[pri:0, instance:com.saudhing.runners.MainRunner@12468a38]" name="feature" class="cucumber.api.testng.AbstractTestNGCucumberTests"/>
      </group> <!-- cucumber -->
    </groups>
    <test started-at="2019-08-24T16:36:34Z" name="Test" finished-at="2019-08-24T16:36:57Z" duration-ms="23406">
      <class name="com.saudhing.runners.MainRunner">
        <test-method is-config="true" signature="setUpClass()[pri:0, instance:com.saudhing.runners.MainRunner@12468a38]" started-at="2019-08-24T22:06:34Z" name="setUpClass" finished-at="2019-08-24T22:06:34Z" duration-ms="327" status="PASS">
          <reporter-output>
          </reporter-output>
        </test-method> <!-- setUpClass -->
        <test-method signature="feature(cucumber.api.testng.CucumberFeatureWrapper)[pri:0, instance:com.saudhing.runners.MainRunner@12468a38]" started-at="2019-08-24T22:06:34Z" name="feature" description="Runs Cucumber Feature" data-provider="features" finished-at="2019-08-24T22:06:44Z" duration-ms="9197" status="PASS">
          <params>
            <param index="0">
              <value>
                <![CDATA[Submit data to webdriveruniversity.com using contact us form]]>
              </value>
            </param>
          </params>
          <reporter-output>
          </reporter-output>
        </test-method> <!-- feature -->
        <test-method signature="feature(cucumber.api.testng.CucumberFeatureWrapper)[pri:0, instance:com.saudhing.runners.MainRunner@12468a38]" started-at="2019-08-24T22:06:44Z" name="feature" description="Runs Cucumber Feature" data-provider="features" finished-at="2019-08-24T22:06:57Z" duration-ms="13743" status="PASS">
          <params>
            <param index="0">
              <value>
                <![CDATA[Products page]]>
              </value>
            </param>
          </params>
          <reporter-output>
          </reporter-output>
        </test-method> <!-- feature -->
        <test-method is-config="true" signature="tearDownClass()[pri:0, instance:com.saudhing.runners.MainRunner@12468a38]" started-at="2019-08-24T22:06:57Z" name="tearDownClass" finished-at="2019-08-24T22:06:57Z" duration-ms="11" status="PASS">
          <reporter-output>
          </reporter-output>
        </test-method> <!-- tearDownClass -->
      </class> <!-- com.saudhing.runners.MainRunner -->
    </test> <!-- Test -->
  </suite> <!-- Suite -->
</testng-results>
