<?xml version="1.0" encoding="UTF-8"?>
<testng-results skipped="0" failed="0" total="2" passed="2">
  <reporter-output>
  </reporter-output>
  <suite name="Suite" duration-ms="53754" started-at="2019-07-08T08:52:16Z" finished-at="2019-07-08T08:53:10Z">
    <groups>
      <group name="cucumber">
        <method signature="AbstractTestNGCucumberTests.feature(cucumber.api.testng.CucumberFeatureWrapper)[pri:0, instance:com.saudhing.runners.MainRunner@5702b3b1]" name="feature" class="cucumber.api.testng.AbstractTestNGCucumberTests"/>
      </group> <!-- cucumber -->
    </groups>
    <test name="Test" duration-ms="53754" started-at="2019-07-08T08:52:16Z" finished-at="2019-07-08T08:53:10Z">
      <class name="com.saudhing.runners.MainRunner">
        <test-method status="PASS" signature="setUpClass()[pri:0, instance:com.saudhing.runners.MainRunner@5702b3b1]" name="setUpClass" is-config="true" duration-ms="304" started-at="2019-07-08T14:22:16Z" finished-at="2019-07-08T14:22:17Z">
          <reporter-output>
          </reporter-output>
        </test-method> <!-- setUpClass -->
        <test-method status="PASS" signature="feature(cucumber.api.testng.CucumberFeatureWrapper)[pri:0, instance:com.saudhing.runners.MainRunner@5702b3b1]" name="feature" duration-ms="20468" started-at="2019-07-08T14:22:17Z" description="Runs Cucumber Feature" data-provider="features" finished-at="2019-07-08T14:22:37Z">
          <params>
            <param index="0">
              <value>
                <![CDATA[Submit data to webdriveruniversity.com using contact us form]]>
              </value>
            </param>
          </params>
          <reporter-output>
          </reporter-output>
        </test-method> <!-- feature -->
        <test-method status="PASS" signature="feature(cucumber.api.testng.CucumberFeatureWrapper)[pri:0, instance:com.saudhing.runners.MainRunner@5702b3b1]" name="feature" duration-ms="32876" started-at="2019-07-08T14:22:37Z" description="Runs Cucumber Feature" data-provider="features" finished-at="2019-07-08T14:23:10Z">
          <params>
            <param index="0">
              <value>
                <![CDATA[Products page]]>
              </value>
            </param>
          </params>
          <reporter-output>
          </reporter-output>
        </test-method> <!-- feature -->
        <test-method status="PASS" signature="tearDownClass()[pri:0, instance:com.saudhing.runners.MainRunner@5702b3b1]" name="tearDownClass" is-config="true" duration-ms="4" started-at="2019-07-08T14:23:10Z" finished-at="2019-07-08T14:23:10Z">
          <reporter-output>
          </reporter-output>
        </test-method> <!-- tearDownClass -->
      </class> <!-- com.saudhing.runners.MainRunner -->
    </test> <!-- Test -->
  </suite> <!-- Suite -->
</testng-results>
